\BOOKMARK [0][-]{chapter.1}{Introduction}{}
\BOOKMARK [0][-]{chapter.2}{Prelinguistic Image Schemata}{}
\BOOKMARK [1][-]{section.2.1}{Agents in the visual sequences}{chapter.2}
\BOOKMARK [1][-]{section.2.2}{Extracting Objects: }{chapter.2}
\BOOKMARK [2][-]{subsection.2.2.1}{Separation of the triangles}{section.2.2}
\BOOKMARK [2][-]{subsection.2.2.2}{Determination of the Rectangle }{section.2.2}
\BOOKMARK [1][-]{section.2.3}{Feature Extraction}{chapter.2}
\BOOKMARK [2][-]{subsection.2.3.1}{Position of the Triangles : }{section.2.3}
\BOOKMARK [2][-]{subsection.2.3.2}{Orientation of the Triangles : }{section.2.3}
\BOOKMARK [2][-]{subsection.2.3.3}{Visibility of the triangle :}{section.2.3}
\BOOKMARK [2][-]{subsection.2.3.4}{Feature vector :}{section.2.3}
\BOOKMARK [1][-]{section.2.4}{Actions in the Visual Sequence :}{chapter.2}
\BOOKMARK [2][-]{subsection.2.4.1}{Learning the HMM :}{section.2.4}
\BOOKMARK [2][-]{subsection.2.4.2}{Hierarchical Clustering :}{section.2.4}
\BOOKMARK [2][-]{subsection.2.4.3}{Labelling the actions :}{section.2.4}
\BOOKMARK [0][-]{appendix.A}{Hough Transform}{}
\BOOKMARK [0][-]{appendix.B}{Hidden Markov Models}{}
\BOOKMARK [1][-]{section.B.1}{Learning an HMM }{appendix.B}
\BOOKMARK [1][-]{section.B.2}{Loglikelihood :}{appendix.B}
\BOOKMARK [1][-]{section.B.3}{Distances Between HMMs}{appendix.B}
