This is pdfTeX, Version 3.1415926-1.40.10 (TeX Live 2009/Debian) (format=pdflatex 2013.4.11)  19 APR 2013 00:41
entering extended mode
 %&-line parsing enabled.
**reportDn.tex
(./reportDn.tex
LaTeX2e <2009/09/24>
Babel <v3.8l> and hyphenation patterns for english, usenglishmax, dumylang, noh
yphenation, sanskrit, loaded.
(/usr/share/texmf-texlive/tex/latex/base/report.cls
Document Class: report 2007/10/19 v1.4h Standard LaTeX document class
(/usr/share/texmf-texlive/tex/latex/base/size11.clo
File: size11.clo 2007/10/19 v1.4h Standard LaTeX file (size option)
)
\c@part=\count79
\c@chapter=\count80
\c@section=\count81
\c@subsection=\count82
\c@subsubsection=\count83
\c@paragraph=\count84
\c@subparagraph=\count85
\c@figure=\count86
\c@table=\count87
\abovecaptionskip=\skip41
\belowcaptionskip=\skip42
\bibindent=\dimen102
)
(/usr/share/texmf-texlive/tex/latex/amsfonts/amsfonts.sty
Package: amsfonts 2009/06/22 v3.00 Basic AMSFonts support
\@emptytoks=\toks14
\symAMSa=\mathgroup4
\symAMSb=\mathgroup5
LaTeX Font Info:    Overwriting math alphabet `\mathfrak' in version `bold'
(Font)                  U/euf/m/n --> U/euf/b/n on input line 96.
)
(/usr/share/texmf-texlive/tex/generic/babel/babel.sty
Package: babel 2008/07/06 v3.8l The Babel package

(/usr/share/texmf-texlive/tex/generic/babel/english.ldf
Language: english 2005/03/30 v3.3o English support from the babel system

(/usr/share/texmf-texlive/tex/generic/babel/babel.def
File: babel.def 2008/07/06 v3.8l Babel common definitions
\babel@savecnt=\count88
\U@D=\dimen103
)
\l@british = a dialect from \language\l@english 
\l@UKenglish = a dialect from \language\l@english 
\l@canadian = a dialect from \language\l@american 
\l@australian = a dialect from \language\l@british 
\l@newzealand = a dialect from \language\l@british 
))
(/usr/share/texmf-texlive/tex/latex/amsmath/amsmath.sty
Package: amsmath 2000/07/18 v2.13 AMS math features
\@mathmargin=\skip43

For additional information on amsmath, use the `?' option.
(/usr/share/texmf-texlive/tex/latex/amsmath/amstext.sty
Package: amstext 2000/06/29 v2.01

(/usr/share/texmf-texlive/tex/latex/amsmath/amsgen.sty
File: amsgen.sty 1999/11/30 v2.0
\@emptytoks=\toks15
\ex@=\dimen104
))
(/usr/share/texmf-texlive/tex/latex/amsmath/amsbsy.sty
Package: amsbsy 1999/11/29 v1.2d
\pmbraise@=\dimen105
)
(/usr/share/texmf-texlive/tex/latex/amsmath/amsopn.sty
Package: amsopn 1999/12/14 v2.01 operator names
)
\inf@bad=\count89
LaTeX Info: Redefining \frac on input line 211.
\uproot@=\count90
\leftroot@=\count91
LaTeX Info: Redefining \overline on input line 307.
\classnum@=\count92
\DOTSCASE@=\count93
LaTeX Info: Redefining \ldots on input line 379.
LaTeX Info: Redefining \dots on input line 382.
LaTeX Info: Redefining \cdots on input line 467.
\Mathstrutbox@=\box26
\strutbox@=\box27
\big@size=\dimen106
LaTeX Font Info:    Redeclaring font encoding OML on input line 567.
LaTeX Font Info:    Redeclaring font encoding OMS on input line 568.
\macc@depth=\count94
\c@MaxMatrixCols=\count95
\dotsspace@=\muskip10
\c@parentequation=\count96
\dspbrk@lvl=\count97
\tag@help=\toks16
\row@=\count98
\column@=\count99
\maxfields@=\count100
\andhelp@=\toks17
\eqnshift@=\dimen107
\alignsep@=\dimen108
\tagshift@=\dimen109
\tagwidth@=\dimen110
\totwidth@=\dimen111
\lineht@=\dimen112
\@envbody=\toks18
\multlinegap=\skip44
\multlinetaggap=\skip45
\mathdisplay@stack=\toks19
LaTeX Info: Redefining \[ on input line 2666.
LaTeX Info: Redefining \] on input line 2667.
)
(/usr/share/texmf-texlive/tex/latex/graphics/graphicx.sty
Package: graphicx 1999/02/16 v1.0f Enhanced LaTeX Graphics (DPC,SPQR)

(/usr/share/texmf-texlive/tex/latex/graphics/keyval.sty
Package: keyval 1999/03/16 v1.13 key=value parser (DPC)
\KV@toks@=\toks20
)
(/usr/share/texmf-texlive/tex/latex/graphics/graphics.sty
Package: graphics 2009/02/05 v1.0o Standard LaTeX Graphics (DPC,SPQR)

(/usr/share/texmf-texlive/tex/latex/graphics/trig.sty
Package: trig 1999/03/16 v1.09 sin cos tan (DPC)
)
(/etc/texmf/tex/latex/config/graphics.cfg
File: graphics.cfg 2009/08/28 v1.8 graphics configuration of TeX Live
)
Package graphics Info: Driver file: pdftex.def on input line 91.

(/usr/share/texmf-texlive/tex/latex/pdftex-def/pdftex.def
File: pdftex.def 2010/03/12 v0.04p Graphics/color for pdfTeX
\Gread@gobject=\count101
))
\Gin@req@height=\dimen113
\Gin@req@width=\dimen114
)
(/usr/share/texmf-texlive/tex/latex/velthuis/devanagari.sty
Package: devanagari 2008/03/09 v2.15 LaTeX macros for Velthuis Devanagari
\dev@chnum=\count102
\itdim=\dimen115
\anudep=\dimen116
\anuwid=\dimen117
)
(/usr/share/texmf/tex/latex/xcolor/xcolor.sty
Package: xcolor 2007/01/21 v2.11 LaTeX color extensions (UK)

(/etc/texmf/tex/latex/config/color.cfg
File: color.cfg 2007/01/18 v1.5 color configuration of teTeX/TeXLive
)
Package xcolor Info: Driver file: pdftex.def on input line 225.
Package xcolor Info: Model `cmy' substituted by `cmy0' on input line 1337.
Package xcolor Info: Model `hsb' substituted by `rgb' on input line 1341.
Package xcolor Info: Model `RGB' extended on input line 1353.
Package xcolor Info: Model `HTML' substituted by `rgb' on input line 1355.
Package xcolor Info: Model `Hsb' substituted by `hsb' on input line 1356.
Package xcolor Info: Model `tHsb' substituted by `hsb' on input line 1357.
Package xcolor Info: Model `HSB' substituted by `hsb' on input line 1358.
Package xcolor Info: Model `Gray' substituted by `gray' on input line 1359.
Package xcolor Info: Model `wave' substituted by `hsb' on input line 1360.
)
(/usr/share/texmf-texlive/tex/latex/hyperref/hyperref.sty
Package: hyperref 2009/10/09 v6.79a Hypertext links for LaTeX

(/usr/share/texmf-texlive/tex/generic/oberdiek/ifpdf.sty
Package: ifpdf 2009/04/10 v2.0 Provides the ifpdf switch (HO)
Package ifpdf Info: pdfTeX in pdf mode detected.
)
(/usr/share/texmf-texlive/tex/generic/oberdiek/ifvtex.sty
Package: ifvtex 2008/11/04 v1.4 Switches for detecting VTeX and its modes (HO)
Package ifvtex Info: VTeX not detected.
)
(/usr/share/texmf-texlive/tex/generic/ifxetex/ifxetex.sty
Package: ifxetex 2009/01/23 v0.5 Provides ifxetex conditional
)
(/usr/share/texmf-texlive/tex/latex/oberdiek/hycolor.sty
Package: hycolor 2009/10/02 v1.5 Code for color options of hyperref/bookmark (H
O)

(/usr/share/texmf-texlive/tex/latex/oberdiek/xcolor-patch.sty
Package: xcolor-patch 2009/10/02 xcolor patch
))
\@linkdim=\dimen118
\Hy@linkcounter=\count103
\Hy@pagecounter=\count104

(/usr/share/texmf-texlive/tex/latex/hyperref/pd1enc.def
File: pd1enc.def 2009/10/09 v6.79a Hyperref: PDFDocEncoding definition (HO)
)
(/usr/share/texmf-texlive/tex/generic/oberdiek/etexcmds.sty
Package: etexcmds 2007/12/12 v1.2 Prefix for e-TeX command names (HO)

(/usr/share/texmf-texlive/tex/generic/oberdiek/infwarerr.sty
Package: infwarerr 2007/09/09 v1.2 Providing info/warning/message (HO)
)
Package etexcmds Info: Could not find \expanded.
(etexcmds)             That can mean that you are not using pdfTeX 1.50 or
(etexcmds)             that some package has redefined \expanded.
(etexcmds)             In the latter case, load this package earlier.
)
(/usr/share/texmf-texlive/tex/latex/latexconfig/hyperref.cfg
File: hyperref.cfg 2002/06/06 v1.2 hyperref configuration of TeXLive
)
(/usr/share/texmf-texlive/tex/latex/oberdiek/kvoptions.sty
Package: kvoptions 2009/08/13 v3.4 Keyval support for LaTeX options (HO)

(/usr/share/texmf-texlive/tex/generic/oberdiek/kvsetkeys.sty
Package: kvsetkeys 2009/07/30 v1.5 Key value parser with default handler suppor
t (HO)
))
Package hyperref Info: Hyper figures OFF on input line 2975.
Package hyperref Info: Link nesting OFF on input line 2980.
Package hyperref Info: Hyper index ON on input line 2983.
Package hyperref Info: Plain pages OFF on input line 2990.
Package hyperref Info: Backreferencing OFF on input line 2995.

Implicit mode ON; LaTeX internals redefined
Package hyperref Info: Bookmarks ON on input line 3191.
(/usr/share/texmf-texlive/tex/latex/ltxmisc/url.sty
\Urlmuskip=\muskip11
Package: url 2006/04/12  ver 3.3  Verb mode for urls, etc.
)
LaTeX Info: Redefining \url on input line 3428.

(/usr/share/texmf-texlive/tex/generic/oberdiek/bitset.sty
Package: bitset 2007/09/28 v1.0 Data type bit set (HO)

(/usr/share/texmf-texlive/tex/generic/oberdiek/intcalc.sty
Package: intcalc 2007/09/27 v1.1 Expandable integer calculations (HO)
)
(/usr/share/texmf-texlive/tex/generic/oberdiek/bigintcalc.sty
Package: bigintcalc 2007/11/11 v1.1 Expandable big integer calculations (HO)

(/usr/share/texmf-texlive/tex/generic/oberdiek/pdftexcmds.sty
Package: pdftexcmds 2009/09/23 v0.6 LuaTeX support for pdfTeX utility functions
 (HO)

(/usr/share/texmf-texlive/tex/generic/oberdiek/ifluatex.sty
Package: ifluatex 2009/04/17 v1.2 Provides the ifluatex switch (HO)
Package ifluatex Info: LuaTeX not detected.
)
(/usr/share/texmf-texlive/tex/generic/oberdiek/ltxcmds.sty
Package: ltxcmds 2009/08/05 v1.0 Some LaTeX kernel commands for general use (HO
)
)
Package pdftexcmds Info: LuaTeX not detected.
Package pdftexcmds Info: \pdf@primitive is available.
Package pdftexcmds Info: \pdf@ifprimitive is available.
)))
\Fld@menulength=\count105
\Field@Width=\dimen119
\Fld@charsize=\dimen120
\Field@toks=\toks21
Package hyperref Info: Hyper figures OFF on input line 4377.
Package hyperref Info: Link nesting OFF on input line 4382.
Package hyperref Info: Hyper index ON on input line 4385.
Package hyperref Info: backreferencing OFF on input line 4392.
Package hyperref Info: Link coloring OFF on input line 4397.
Package hyperref Info: Link coloring with OCG OFF on input line 4402.
Package hyperref Info: PDF/A mode OFF on input line 4407.

(/usr/share/texmf-texlive/tex/generic/oberdiek/atbegshi.sty
Package: atbegshi 2008/07/31 v1.9 At begin shipout hook (HO)
)
\Hy@abspage=\count106
\c@Item=\count107
\c@Hfootnote=\count108
)
*hyperref using default driver hpdftex*
(/usr/share/texmf-texlive/tex/latex/hyperref/hpdftex.def
File: hpdftex.def 2009/10/09 v6.79a Hyperref driver for pdfTeX
\Fld@listcount=\count109
)
(/usr/share/texmf-texlive/tex/latex/ltxmisc/capt-of.sty)
(/usr/share/texmf-texlive/tex/latex/geometry/geometry.sty
Package: geometry 2008/12/21 v4.2 Page Geometry
\Gm@cnth=\count110
\Gm@cntv=\count111
\c@Gm@tempcnt=\count112
\Gm@bindingoffset=\dimen121
\Gm@wd@mp=\dimen122
\Gm@odd@mp=\dimen123
\Gm@even@mp=\dimen124
\Gm@dimlist=\toks22
)
Package hyperref Info: Option `colorlinks' set `true' on input line 24.
 (./reportDn.aux

LaTeX Warning: Label `tab:gt' multiply defined.


LaTeX Warning: Label `tab:gt' multiply defined.


LaTeX Warning: Label `tab:gt' multiply defined.


LaTeX Warning: Label `tab:gt' multiply defined.


LaTeX Warning: Label `tab:gt' multiply defined.


LaTeX Warning: Label `tab:gt' multiply defined.


LaTeX Warning: Label `tab:gt' multiply defined.


LaTeX Warning: Label `tab:gt' multiply defined.


LaTeX Warning: Label `tab:gt' multiply defined.


LaTeX Warning: Label `tab:gt' multiply defined.


LaTeX Warning: Label `tab:gt' multiply defined.


LaTeX Warning: Label `tab:gt' multiply defined.


LaTeX Warning: Label `tab:gt' multiply defined.


LaTeX Warning: Label `tab:gt' multiply defined.

)
\openout1 = `reportDn.aux'.

LaTeX Font Info:    Checking defaults for OML/cmm/m/it on input line 32.
LaTeX Font Info:    ... okay on input line 32.
LaTeX Font Info:    Checking defaults for T1/cmr/m/n on input line 32.
LaTeX Font Info:    ... okay on input line 32.
LaTeX Font Info:    Checking defaults for OT1/cmr/m/n on input line 32.
LaTeX Font Info:    ... okay on input line 32.
LaTeX Font Info:    Checking defaults for OMS/cmsy/m/n on input line 32.
LaTeX Font Info:    ... okay on input line 32.
LaTeX Font Info:    Checking defaults for OMX/cmex/m/n on input line 32.
LaTeX Font Info:    ... okay on input line 32.
LaTeX Font Info:    Checking defaults for U/dn/m/n on input line 32.
LaTeX Font Info:    Try loading font information for U+dn on input line 32.
 (/usr/share/texmf-texlive/tex/latex/velthuis/udn.fd
File: Udn.fd 2004/08/03 v2.14
)
LaTeX Font Info:    ... okay on input line 32.
LaTeX Font Info:    Checking defaults for PD1/pdf/m/n on input line 32.
LaTeX Font Info:    ... okay on input line 32.

(/usr/share/texmf-texlive/tex/context/base/supp-pdf.mkii
[Loading MPS to PDF converter (version 2006.09.02).]
\scratchcounter=\count113
\scratchdimen=\dimen125
\scratchbox=\box28
\nofMPsegments=\count114
\nofMParguments=\count115
\everyMPshowfont=\toks23
\MPscratchCnt=\count116
\MPscratchDim=\dimen126
\MPnumerator=\count117
\everyMPtoPDFconversion=\toks24
)
Package hyperref Info: Link coloring ON on input line 32.
 (/usr/share/texmf-texlive/tex/latex/hyperref/nameref.sty
Package: nameref 2007/05/29 v2.31 Cross-referencing by name of section

(/usr/share/texmf-texlive/tex/latex/oberdiek/refcount.sty
Package: refcount 2008/08/11 v3.1 Data extraction from references (HO)
)
\c@section@level=\count118
)
LaTeX Info: Redefining \ref on input line 32.
LaTeX Info: Redefining \pageref on input line 32.
 (./reportDn.out)
(./reportDn.out)
\@outlinefile=\write3
\openout3 = `reportDn.out'.

\AtBeginShipoutBox=\box29

*geometry auto-detecting driver*
*geometry detected driver: pdftex*
-------------------- Geometry parameters
paper: a4paper
landscape: --
twocolumn: --
twoside: --
asymmetric: --
h-parts: 72.26999pt, 433.62pt, 91.61789pt
v-parts: 36.135pt, 686.56499pt, 122.34686pt
hmarginratio: --
vmarginratio: --
lines: --
heightrounded: --
bindingoffset: 0.0pt
truedimen: --
includehead: --
includefoot: --
includemp: --
driver: pdftex
-------------------- Page layout dimensions and switches
\paperwidth  597.50787pt
\paperheight 845.04684pt
\textwidth  433.62pt
\textheight 686.56499pt
\oddsidemargin  0.0pt
\evensidemargin 0.0pt
\topmargin  -73.135pt
\headheight 12.0pt
\headsep    25.0pt
\footskip   30.0pt
\marginparwidth 50.0pt
\marginparsep   10.0pt
\columnsep  10.0pt
\skip\footins  10.0pt plus 4.0pt minus 2.0pt
\hoffset 0.0pt
\voffset 0.0pt
\mag 1000

(1in=72.27pt, 1cm=28.45pt)
-----------------------
LaTeX Font Info:    Try loading font information for OT1+rmdefault on input lin
e 37.
LaTeX Font Info:    No file OT1rmdefault.fd. on input line 37.

LaTeX Font Warning: Font shape `OT1/rmdefault/m/sc' undefined
(Font)              using `OT1/cmr/m/n' instead on input line 37.

LaTeX Font Info:    Try loading font information for U+msa on input line 51.
(/usr/share/texmf-texlive/tex/latex/amsfonts/umsa.fd
File: umsa.fd 2009/06/22 v3.00 AMS symbols A
)
LaTeX Font Info:    Try loading font information for U+msb on input line 51.

(/usr/share/texmf-texlive/tex/latex/amsfonts/umsb.fd
File: umsb.fd 2009/06/22 v3.00 AMS symbols B
) [1

{/var/lib/texmf/fonts/map/pdftex/updmap/pdftex.map}]
Underfull \hbox (badness 10000) in paragraph at lines 69--70

 []


Underfull \hbox (badness 10000) in paragraph at lines 71--72

 []


Underfull \hbox (badness 10000) in paragraph at lines 73--74

 []


Underfull \hbox (badness 10000) in paragraph at lines 75--76

 []

[2] (./reportDn.toc [3

])
\tf@toc=\write4
\openout4 = `reportDn.toc'.

 [4]
Underfull \hbox (badness 10000) in paragraph at lines 85--88

 []

[5]
Chapter 1.

Underfull \hbox (badness 10000) in paragraph at lines 97--103

 []


Underfull \hbox (badness 10000) in paragraph at lines 97--103

 []


Underfull \hbox (badness 10000) in paragraph at lines 104--106

 []

<childLearn1.png, id=310, 532.99126pt x 331.99031pt>
File: childLearn1.png Graphic file (type png)
 <use childLearn1.png>

LaTeX Warning: `h' float specifier changed to `ht'.


LaTeX Warning: Citation `JacksonBP05' on page 6 undefined on input line 124.


Underfull \hbox (badness 10000) in paragraph at lines 124--126

 []

[6

] <image/heider1135.png, id=323, 643.40375pt x 481.8pt>
File: image/heider1135.png Graphic file (type png)

<use image/heider1135.png>
<image/heider1345.png, id=324, 643.40375pt x 481.8pt>
File: image/heider1345.png Graphic file (type png)

<use image/heider1345.png>
<image/heider1810.png, id=325, 643.40375pt x 481.8pt>
File: image/heider1810.png Graphic file (type png)

<use image/heider1810.png>
Underfull \hbox (badness 10000) in paragraph at lines 142--143

 []

[7 <./childLearn1.png> <./image/heider1135.png (PNG copy)> <./image/heider1345.
png (PNG copy)> <./image/heider1810.png (PNG copy)>]
Underfull \hbox (badness 10000) in paragraph at lines 144--145

 []


Underfull \hbox (badness 10000) in paragraph at lines 148--149

 []


Underfull \hbox (badness 10000) in paragraph at lines 152--153

 []


Underfull \hbox (badness 10000) in paragraph at lines 154--155

 []

<schematic1.png, id=338, 526.21594pt x 361.35pt>
File: schematic1.png Graphic file (type png)
 <use schematic1.png> [8 <./schematic1.png>]
Chapter 2.
<sample65dance.png, id=347, 361.35pt x 240.9pt>
File: sample65dance.png Graphic file (type png)
 <use sample65dance.png>
<sample174chase.png, id=348, 642.4pt x 481.8pt>
File: sample174chase.png Graphic file (type png)
 <use sample174chase.png>
<sample198coax.png, id=349, 361.35pt x 240.9pt>
File: sample198coax.png Graphic file (type png)
 <use sample198coax.png>
[9

 <./sample65dance.png (PNG copy)> <./sample174chase.png (PNG copy)> <./sample19
8coax.png (PNG copy)>]
Underfull \hbox (badness 10000) in paragraph at lines 199--209

 []

<comm.png, id=355, 411.03563pt x 291.33844pt>
File: comm.png Graphic file (type png)
 <use comm.png>

LaTeX Warning: `h' float specifier changed to `ht'.


Underfull \hbox (badness 10000) in paragraph at lines 220--222

 []

<commEng.png, id=356, 520.94624pt x 279.29344pt>
File: commEng.png Graphic file (type png)
 <use commEng.png>

LaTeX Warning: `h' float specifier changed to `ht'.

[10] [11 <./comm.png> <./commEng.png>]
Chapter 3.

Underfull \hbox (badness 10000) in paragraph at lines 238--239

 []


Underfull \hbox (badness 10000) in paragraph at lines 240--241

 []


Underfull \hbox (badness 10000) in paragraph at lines 242--243

 []

<image/0062.png, id=371, 361.35pt x 240.9pt>
File: image/0062.png Graphic file (type png)
 <use image/0062.png>
<image/0063.png, id=372, 361.35pt x 240.9pt>
File: image/0063.png Graphic file (type png)
 <use image/0063.png>
<image/0068.png, id=373, 361.35pt x 240.9pt>
File: image/0068.png Graphic file (type png)
 <use image/0068.png>
<image/0072.png, id=374, 361.35pt x 240.9pt>
File: image/0072.png Graphic file (type png)
 <use image/0072.png>
<image/0074.png, id=375, 361.35pt x 240.9pt>
File: image/0074.png Graphic file (type png)
 <use image/0074.png>
<image/0078.png, id=376, 361.35pt x 240.9pt>
File: image/0078.png Graphic file (type png)
 <use image/0078.png>

LaTeX Warning: `h' float specifier changed to `ht'.


Underfull \hbox (badness 10000) in paragraph at lines 277--280

 []

[12

]
Underfull \hbox (badness 10000) in paragraph at lines 280--283

 []


Underfull \hbox (badness 10000) in paragraph at lines 285--288

 []

<0002l.png, id=382, 413.3844pt x 275.5896pt>
File: 0002l.png Graphic file (type png)
 <use 0002l.png>
<0002s.png, id=383, 412.9026pt x 275.1078pt>
File: 0002s.png Graphic file (type png)
 <use 0002s.png>

LaTeX Warning: `h' float specifier changed to `ht'.

<rectCoax.png, id=384, 397.0032pt x 265.9536pt>
File: rectCoax.png Graphic file (type png)
 <use rectCoax.png> [13 <./image/0062.png (PNG copy)> <./image/0063.png (PNG co
py)> <./image/0068.png (PNG copy)> <./image/0072.png (PNG copy)> <./image/0074.
png (PNG copy)> <./image/0078.png (PNG copy)>]
Underfull \hbox (badness 10000) in paragraph at lines 312--314

 []

[14 <./0002l.png> <./0002s.png> <./rectCoax.png>]
<orientation.png, id=403, 381.5856pt x 287.1528pt>
File: orientation.png Graphic file (type png)
 <use orientation.png>
Underfull \hbox (badness 10000) in paragraph at lines 333--337

 []

<visibility.png, id=404, 481.8pt x 361.35pt>
File: visibility.png Graphic file (type png)
 <use visibility.png>
Underfull \hbox (badness 10000) in paragraph at lines 348--349

 []

[15 <./orientation.png> <./visibility.png>]
Underfull \hbox (badness 10000) in paragraph at lines 350--356

 []


Underfull \hbox (badness 10000) in paragraph at lines 358--359

 []

<interval1.png, id=413, 358.33875pt x 376.40625pt>
File: interval1.png Graphic file (type png)
 <use interval1.png>
Overfull \hbox (89.39008pt too wide) in paragraph at lines 373--377
 [] 
 []


Underfull \hbox (badness 10000) in paragraph at lines 363--380

 []

[16 <./interval1.png (PNG copy)>]
Underfull \hbox (badness 10000) in paragraph at lines 382--383

 []


Underfull \hbox (badness 10000) in paragraph at lines 384--388

 []

<dendoCoax.png, id=421, 578.6418pt x 434.1018pt>
File: dendoCoax.png Graphic file (type png)
 <use dendoCoax.png>
Underfull \hbox (badness 10000) in paragraph at lines 400--401

 []

<userLabelActions.png, id=422, 343.2825pt x 131.74219pt>
File: userLabelActions.png Graphic file (type png)

<use userLabelActions.png>

LaTeX Warning: `h' float specifier changed to `ht'.


Underfull \hbox (badness 10000) in paragraph at lines 417--418

 []

[17 <./dendoCoax.png (PNG copy)>] <barplot1.jpg, id=428, 1204.5pt x 903.375pt>
File: barplot1.jpg Graphic file (type jpg)

<use barplot1.jpg> [18 <./userLabelActions.png> <./barplot1.jpg>]
Chapter 4.

Underfull \hbox (badness 10000) in paragraph at lines 437--438

 []


Underfull \hbox (badness 10000) in paragraph at lines 445--446

 []


Underfull \hbox (badness 10000) in paragraph at lines 445--446

 []


Underfull \hbox (badness 10000) in paragraph at lines 452--453

 []

[19

]

LaTeX Warning: Citation `CFLIT' on page 20 undefined on input line 456.


Underfull \hbox (badness 10000) in paragraph at lines 456--459

 []


LaTeX Warning: Citation `http://www.duboislc.org/EducationWatch/First100Words.h
tml' on page 20 undefined on input line 462.


Underfull \hbox (badness 10000) in paragraph at lines 462--463

 []


Underfull \hbox (badness 10000) in paragraph at lines 470--472

 []

[20]
Underfull \hbox (badness 10000) in paragraph at lines 487--490

 []


Underfull \hbox (badness 10000) in paragraph at lines 501--504

 []

[21]
Underfull \hbox (badness 10000) in paragraph at lines 506--509

 []


Underfull \hbox (badness 10000) in paragraph at lines 510--511

 []


Underfull \hbox (badness 10000) in paragraph at lines 512--514

 []


Underfull \hbox (badness 10000) in paragraph at lines 512--514

 []


Underfull \hbox (badness 10000) in paragraph at lines 582--583

 []

[22]
Underfull \hbox (badness 10000) in paragraph at lines 652--653

 []


Underfull \hbox (badness 10000) in paragraph at lines 654--660

 []

[23]
Underfull \hbox (badness 10000) in paragraph at lines 670--671

 []


Underfull \hbox (badness 10000) in paragraph at lines 673--674

 []

[24]
Underfull \hbox (badness 10000) in paragraph at lines 743--744

 []

[25]
Underfull \hbox (badness 10000) in paragraph at lines 813--819

 []


Underfull \hbox (badness 10000) in paragraph at lines 823--825

 []


Underfull \hbox (badness 10000) in paragraph at lines 823--825

 []


Underfull \hbox (badness 10000) in paragraph at lines 827--828

 []


Underfull \hbox (badness 10000) in paragraph at lines 835--836
[]\U/dn/m/n/10.95 EBwA\OT1/cmr/m/n/10.95 , \U/dn/m/n/10.95 Ehck\OT1/cmr/m/n/10.
95 , \U/dn/m/n/10.95 EnkAlnA\OT1/cmr/m/n/10.95 ,\U/dn/m/n/10.95 EcY\OT1/cmr/m/n
/10.95 ,
 []


Overfull \hbox (1.05203pt too wide) in paragraph at lines 831--846
 [] 
 []

[26]
Underfull \hbox (badness 10000) in paragraph at lines 848--849

 []


Overfull \hbox (1.05203pt too wide) in paragraph at lines 851--866
 [] 
 []


Underfull \hbox (badness 10000) in paragraph at lines 870--872

 []


Underfull \hbox (badness 10000) in paragraph at lines 873--874

 []


Overfull \hbox (33.29372pt too wide) in paragraph at lines 876--897
 [] 
 []

[27]
Underfull \hbox (badness 10000) in paragraph at lines 899--900

 []


Overfull \hbox (33.29372pt too wide) in paragraph at lines 902--922
 [] 
 []


Underfull \hbox (badness 10000) in paragraph at lines 925--931

 []

[28]
Chapter 5.

Underfull \hbox (badness 10000) in paragraph at lines 937--938

 []

[29

]
Appendix A.

Underfull \hbox (badness 10000) in paragraph at lines 954--955

 []


Underfull \hbox (badness 10000) in paragraph at lines 955--957

 []

[30

]
Appendix B.

Underfull \hbox (badness 10000) in paragraph at lines 963--964

 []


Underfull \hbox (badness 10000) in paragraph at lines 975--976

 []


Underfull \hbox (badness 10000) in paragraph at lines 980--981

 []

(./reportDn.bbl [31

]
Missing character: There is no Â in font cmr10!
Missing character: There is no ´ in font cmr10!
) [32

] (./reportDn.aux)

LaTeX Font Warning: Some font shapes were not available, defaults substituted.


LaTeX Warning: There were undefined references.


LaTeX Warning: There were multiply-defined labels.

 ) 
Here is how much of TeX's memory you used:
 6419 strings out of 495052
 88736 string characters out of 1182271
 195874 words of memory out of 3000000
 9320 multiletter control sequences out of 15000+50000
 15923 words of font info for 57 fonts, out of 3000000 for 9000
 28 hyphenation exceptions out of 8191
 38i,14n,36p,971b,426s stack positions out of 5000i,500n,10000p,200000b,50000s
</usr/share/texmf-texlive/fonts/type1/public/amsfonts/cm/cmbx10.pfb></usr/sha
re/texmf-texlive/fonts/type1/public/amsfonts/cm/cmbx12.pfb></usr/share/texmf-te
xlive/fonts/type1/public/amsfonts/cm/cmbx6.pfb></usr/share/texmf-texlive/fonts/
type1/public/amsfonts/cm/cmbx8.pfb></usr/share/texmf-texlive/fonts/type1/public
/amsfonts/cm/cmcsc10.pfb></usr/share/texmf-texlive/fonts/type1/public/amsfonts/
cm/cmex10.pfb></usr/share/texmf-texlive/fonts/type1/public/amsfonts/cm/cmmi10.p
fb></usr/share/texmf-texlive/fonts/type1/public/amsfonts/cm/cmmi12.pfb></usr/sh
are/texmf-texlive/fonts/type1/public/amsfonts/cm/cmmi8.pfb></usr/share/texmf-te
xlive/fonts/type1/public/amsfonts/cm/cmr10.pfb></usr/share/texmf-texlive/fonts/
type1/public/amsfonts/cm/cmr12.pfb></usr/share/texmf-texlive/fonts/type1/public
/amsfonts/cm/cmr17.pfb></usr/share/texmf-texlive/fonts/type1/public/amsfonts/cm
/cmr8.pfb></usr/share/texmf-texlive/fonts/type1/public/amsfonts/cm/cmsy10.pfb><
/usr/share/texmf-texlive/fonts/type1/public/amsfonts/cm/cmsy8.pfb></usr/share/t
exmf-texlive/fonts/type1/public/amsfonts/cm/cmti10.pfb></usr/share/texmf-texliv
e/fonts/type1/public/amsfonts/cm/cmti12.pfb></usr/share/texmf-texlive/fonts/typ
e1/public/velthuis/dvng10.pfb></usr/share/texmf-texlive/fonts/type1/public/velt
huis/dvngb10.pfb>
Output written on reportDn.pdf (32 pages, 1378279 bytes).
PDF statistics:
 625 PDF objects out of 1000 (max. 8388607)
 145 named destinations out of 1000 (max. 500000)
 558 words of extra memory for PDF output out of 10000 (max. 10000000)

