This is pdfTeX, Version 3.1415926-1.40.10 (MiKTeX 2.8) (preloaded format=pdftex 2012.11.5)  7 NOV 2012 14:40
entering extended mode
**C:/Users/Diwakar/Documents/Acads/Courses/4/cs498/report/authorName.bib
(C:/Users/Diwakar/Documents/Acads/Courses/4/cs498/report/authorName.bib
Missing character: There is no Â in font cmr10!
Missing character: There is no ´ in font cmr10!

! Missing $ inserted.
<inserted text> 
                $
<to be read again> 
                   _
l.32 @conference{neema-mukerjee-10_
                                   discovering-concept-of-anaphora,
? 
! Extra }, or forgotten $.
l.38 }
      
? 
! Emergency stop.
l.38 }
      
End of file on the terminal!

!  ==> Fatal error occurred, no output PDF file produced!
