This is pdfTeX, Version 3.1415926-1.40.10 (MiKTeX 2.8) (preloaded format=pdflatex 2012.11.14)  15 NOV 2012 00:42
entering extended mode
**report.tex
(C:\Users\Diwakar\Documents\Acads\Courses\4\cs498\report\report.tex
LaTeX2e <2009/09/24>
Babel <v3.8l> and hyphenation patterns for english, dumylang, nohyphenation, ge
rman, ngerman, german-x-2009-06-19, ngerman-x-2009-06-19, french, loaded.
("C:\Program Files\MiKTeX 2.8\tex\latex\base\article.cls"
Document Class: article 2007/10/19 v1.4h Standard LaTeX document class
("C:\Program Files\MiKTeX 2.8\tex\latex\base\size11.clo"
File: size11.clo 2007/10/19 v1.4h Standard LaTeX file (size option)
)
\c@part=\count79
\c@section=\count80
\c@subsection=\count81
\c@subsubsection=\count82
\c@paragraph=\count83
\c@subparagraph=\count84
\c@figure=\count85
\c@table=\count86
\abovecaptionskip=\skip41
\belowcaptionskip=\skip42
\bibindent=\dimen102
)
("C:\Program Files\MiKTeX 2.8\tex\latex\geometry\geometry.sty"
Package: geometry 2010/03/13 v5.3 Page Geometry

("C:\Program Files\MiKTeX 2.8\tex\latex\graphics\keyval.sty"
Package: keyval 1999/03/16 v1.13 key=value parser (DPC)
\KV@toks@=\toks14
)
("C:\Program Files\MiKTeX 2.8\tex\generic\oberdiek\ifpdf.sty"
Package: ifpdf 2010/01/28 v2.1 Provides the ifpdf switch (HO)
Package ifpdf Info: pdfTeX in pdf mode detected.
)
("C:\Program Files\MiKTeX 2.8\tex\generic\oberdiek\ifvtex.sty"
Package: ifvtex 2010/03/01 v1.5 Switches for detecting VTeX and its modes (HO)
Package ifvtex Info: VTeX not detected.
)
\Gm@cnth=\count87
\Gm@cntv=\count88
\c@Gm@tempcnt=\count89
\Gm@bindingoffset=\dimen103
\Gm@wd@mp=\dimen104
\Gm@odd@mp=\dimen105
\Gm@even@mp=\dimen106
\Gm@layoutwidth=\dimen107
\Gm@layoutheight=\dimen108
\Gm@layouthoffset=\dimen109
\Gm@layoutvoffset=\dimen110
\Gm@dimlist=\toks15

("C:\Program Files\MiKTeX 2.8\tex\latex\geometry\geometry.cfg"))
("C:\Program Files\MiKTeX 2.8\tex\latex\graphics\graphicx.sty"
Package: graphicx 1999/02/16 v1.0f Enhanced LaTeX Graphics (DPC,SPQR)

("C:\Program Files\MiKTeX 2.8\tex\latex\graphics\graphics.sty"
Package: graphics 2009/02/05 v1.0o Standard LaTeX Graphics (DPC,SPQR)

("C:\Program Files\MiKTeX 2.8\tex\latex\graphics\trig.sty"
Package: trig 1999/03/16 v1.09 sin cos tan (DPC)
)
("C:\Program Files\MiKTeX 2.8\tex\latex\00miktex\graphics.cfg"
File: graphics.cfg 2007/01/18 v1.5 graphics configuration of teTeX/TeXLive
)
Package graphics Info: Driver file: pdftex.def on input line 91.

("C:\Program Files\MiKTeX 2.8\tex\latex\pdftex-def\pdftex.def"
File: pdftex.def 2010/02/14 v0.04n Graphics/color for pdfTeX
\Gread@gobject=\count90
))
\Gin@req@height=\dimen111
\Gin@req@width=\dimen112
)
("C:\Program Files\MiKTeX 2.8\tex\latex\float\float.sty"
Package: float 2001/11/08 v1.3d Float enhancements (AL)
\c@float@type=\count91
\float@exts=\toks16
\float@box=\box26
\@float@everytoks=\toks17
\@floatcapt=\box27
)
(C:\Users\Diwakar\Documents\Acads\Courses\4\cs498\report\report.aux

LaTeX Warning: Label `tab:gt' multiply defined.


LaTeX Warning: Label `tab:gt' multiply defined.

)
LaTeX Font Info:    Checking defaults for OML/cmm/m/it on input line 11.
LaTeX Font Info:    ... okay on input line 11.
LaTeX Font Info:    Checking defaults for T1/cmr/m/n on input line 11.
LaTeX Font Info:    ... okay on input line 11.
LaTeX Font Info:    Checking defaults for OT1/cmr/m/n on input line 11.
LaTeX Font Info:    ... okay on input line 11.
LaTeX Font Info:    Checking defaults for OMS/cmsy/m/n on input line 11.
LaTeX Font Info:    ... okay on input line 11.
LaTeX Font Info:    Checking defaults for OMX/cmex/m/n on input line 11.
LaTeX Font Info:    ... okay on input line 11.
LaTeX Font Info:    Checking defaults for U/cmr/m/n on input line 11.
LaTeX Font Info:    ... okay on input line 11.

*geometry* driver: auto-detecting
*geometry* detected driver: pdftex
*geometry* verbose mode - [ preamble ] result:
* driver: pdftex
* paper: 614.295pt, 794.96999pt (class default)
* layout: 614.295pt, 794.96999pt
* switch(es): 
* h-part:(L,W,R)=(72.26999pt, 469.75499pt, 72.27002pt)
* v-part:(T,H,B)=(36.135pt, 686.56499pt, 72.27pt)
* \paperwidth=614.295pt
* \paperheight=794.96999pt
* \textwidth=469.75499pt
* \textheight=686.56499pt
* \oddsidemargin=0.0pt
* \evensidemargin=0.0pt
* \topmargin=-73.135pt
* \headheight=12.0pt
* \headsep=25.0pt
* \footskip=30.0pt
* \marginparwidth=4.0pt
* \marginparsep=10.0pt
* \columnsep=10.0pt
* \skip\footins=10.0pt plus 4.0pt minus 2.0pt
* \hoffset=0.0pt
* \voffset=0.0pt
* \mag=1000
* \@twocolumntrue
* \@twosidefalse
* \@mparswitchfalse
* \@reversemarginfalse
* (1in=72.27pt, 1cm=28.453pt)

("C:\Program Files\MiKTeX 2.8\tex\context\base\supp-pdf.tex"
[Loading MPS to PDF converter (version 2006.09.02).]
\scratchcounter=\count92
\scratchdimen=\dimen113
\scratchbox=\box28
\nofMPsegments=\count93
\nofMParguments=\count94
\everyMPshowfont=\toks18
\MPscratchCnt=\count95
\MPscratchDim=\dimen114
\MPnumerator=\count96
\everyMPtoPDFconversion=\toks19
)
LaTeX Font Info:    Try loading font information for OMS+cmr on input line 15.
 ("C:\Program Files\MiKTeX 2.8\tex\latex\base\omscmr.fd"
File: omscmr.fd 1999/05/25 v2.5h Standard LaTeX font definitions
)
LaTeX Font Info:    Font shape `OMS/cmr/m/n' in size <10.95> not available
(Font)              Font shape `OMS/cmsy/m/n' tried instead on input line 15.
LaTeX Font Info:    External font `cmex10' loaded for size
(Font)              <12> on input line 15.
LaTeX Font Info:    External font `cmex10' loaded for size
(Font)              <8> on input line 15.
LaTeX Font Info:    External font `cmex10' loaded for size
(Font)              <6> on input line 15.


LaTeX Warning: No \author given.

LaTeX Font Info:    External font `cmex10' loaded for size
(Font)              <10.95> on input line 24.
<sample65dance.png, id=1, 361.35pt x 240.9pt>
File: sample65dance.png Graphic file (type png)
 <use sample65dance.png>
<sample174chase.png, id=2, 642.4pt x 481.8pt>
File: sample174chase.png Graphic file (type png)
 <use sample174chase.png>
<sample198coax.png, id=3, 361.35pt x 240.9pt>
File: sample198coax.png Graphic file (type png)
 <use sample198coax.png>
Underfull \hbox (badness 10000) in paragraph at lines 33--34

 []


Underfull \vbox (badness 10000) has occurred while \output is active []


Underfull \hbox (badness 1424) in paragraph at lines 39--41
\OT1/cmr/m/n/10.95 Activity recog-ni-tion has been a very much
 []

[1{C:/Users/Diwakar/AppData/Local/MiKTeX/2.8/pdftex/config/pdftex.map}


 <C:/Users/Diwakar/Documents/Acads/Courses/4/cs498/report/sample65dance.png (PN
G copy)> <C:/Users/Diwakar/Documents/Acads/Courses/4/cs498/report/sample174chas
e.png (PNG copy)> <C:/Users/Diwakar/Documents/Acads/Courses/4/cs498/report/samp
le198coax.png (PNG copy)>]
Underfull \hbox (badness 10000) in paragraph at lines 41--42

 []


Underfull \hbox (badness 1152) in paragraph at lines 44--49
|  $\OML/cmm/m/it/10.95 B$ \OT1/cmr/m/n/10.95 : Ob-ser-va-tion sym-bol prob-a-b
il-ity
 []


Underfull \hbox (badness 10000) in paragraph at lines 44--49

 []


Underfull \hbox (badness 10000) in paragraph at lines 50--52

 []


Underfull \hbox (badness 10000) in paragraph at lines 53--55

 []


Underfull \hbox (badness 10000) in paragraph at lines 55--58

 []

<dendoCoax.png, id=12, 578.6418pt x 434.1018pt>
File: dendoCoax.png Graphic file (type png)
 <use dendoCoax.png>
Underfull \hbox (badness 1412) in paragraph at lines 67--69
[]\OT1/cmr/m/n/10.95 In the hi-er-ar-chi-cal clus-ter-ing the data is
 []


Underfull \hbox (badness 10000) in paragraph at lines 67--69

 []

[2 <C:/Users/Diwakar/Documents/Acads/Courses/4/cs498/report/dendoCoax.png (PNG 
copy)>] <0002l.png, id=19, 413.3844pt x 275.5896pt>
File: 0002l.png Graphic file (type png)
 <use 0002l.png>
<0002s.png, id=21, 412.9026pt x 275.1078pt>
File: 0002s.png Graphic file (type png)
 <use 0002s.png>
Overfull \hbox (0.69374pt too wide) in paragraph at lines 77--82
 [] 
 []

<rectCoax.png, id=22, 397.0032pt x 265.9536pt>
File: rectCoax.png Graphic file (type png)
 <use rectCoax.png>
Underfull \hbox (badness 10000) in paragraph at lines 84--91

 []


Underfull \vbox (badness 10000) has occurred while \output is active []


Underfull \hbox (badness 10000) in paragraph at lines 97--100

 []

<orientation.png, id=23, 381.5856pt x 287.1528pt>
File: orientation.png Graphic file (type png)
 <use orientation.png>
<visibility.png, id=24, 481.8pt x 361.35pt>
File: visibility.png Graphic file (type png)
 <use visibility.png>
Underfull \hbox (badness 10000) in paragraph at lines 105--111

 []


Underfull \vbox (badness 2653) has occurred while \output is active []

 [3 <C:/Users/Diwakar/Documents/Acads/Courses/4/cs498/report/0002l.png> <C:/Use
rs/Diwakar/Documents/Acads/Courses/4/cs498/report/0002s.png> <C:/Users/Diwakar/
Documents/Acads/Courses/4/cs498/report/rectCoax.png> <C:/Users/Diwakar/Document
s/Acads/Courses/4/cs498/report/orientation.png>] <chase348.png, id=33, 642.4pt 
x 481.8pt>
File: chase348.png Graphic file (type png)

<use chase348.png> <drift271.png, id=34, 361.35pt x 240.9pt>
File: drift271.png Graphic file (type png)

<use drift271.png> <coax88.png, id=35, 361.35pt x 240.9pt>
File: coax88.png Graphic file (type png)
 <use coax88.png>
Underfull \hbox (badness 1430) in paragraph at lines 114--124
\OT1/cmr/m/n/10.95 autism in hu-man. Autism cre-ates The-ory
 []


Underfull \hbox (badness 10000) in paragraph at lines 114--124

 []


Underfull \hbox (badness 10000) in paragraph at lines 128--129

 []

<coax210.png, id=36, 361.35pt x 240.9pt>
File: coax210.png Graphic file (type png)
 <use coax210.png>
<coax220.png, id=37, 361.35pt x 240.9pt>
File: coax220.png Graphic file (type png)
 <use coax220.png>
<coax240.png, id=38, 361.35pt x 240.9pt>
File: coax240.png Graphic file (type png)
 <use coax240.png>
Overfull \hbox (1.24309pt too wide) in paragraph at lines 132--137
 [][] 
 []

[4 <C:/Users/Diwakar/Documents/Acads/Courses/4/cs498/report/visibility.png> <C:
/Users/Diwakar/Documents/Acads/Courses/4/cs498/report/chase348.png (PNG copy)> 
<C:/Users/Diwakar/Documents/Acads/Courses/4/cs498/report/drift271.png (PNG copy
)> <C:/Users/Diwakar/Documents/Acads/Courses/4/cs498/report/coax88.png (PNG cop
y)>]
Underfull \hbox (badness 10000) in paragraph at lines 141--143

 []

<dendo_distance_coax.png, id=43, 578.6418pt x 434.1018pt>
File: dendo_distance_coax.png Graphic file (type png)

<use dendo_distance_coax.png>
File: dendo_distance_coax.png Graphic file (type png)
 <use dendo_distance_coax.png>
<dendoChase.png, id=44, 578.6418pt x 434.1018pt>
File: dendoChase.png Graphic file (type png)
 <use dendoChase.png>
File: dendoCoax.png Graphic file (type png)

<use dendoCoax.png>
Underfull \vbox (badness 10000) has occurred while \output is active []


(C:\Users\Diwakar\Documents\Acads\Courses\4\cs498\report\report.bbl [5 <C:/User
s/Diwakar/Documents/Acads/Courses/4/cs498/report/coax210.png (PNG copy)> <C:/Us
ers/Diwakar/Documents/Acads/Courses/4/cs498/report/coax220.png (PNG copy)> <C:/
Users/Diwakar/Documents/Acads/Courses/4/cs498/report/coax240.png (PNG copy)> <C
:/Users/Diwakar/Documents/Acads/Courses/4/cs498/report/dendo_distance_coax.png 
(PNG copy)> <C:/Users/Diwakar/Documents/Acads/Courses/4/cs498/report/dendoChase
.png (PNG copy)>]
Missing character: There is no Â in font cmr10!
Missing character: There is no ´ in font cmr10!
) [6

]
(C:\Users\Diwakar\Documents\Acads\Courses\4\cs498\report\report.aux)

LaTeX Warning: There were multiply-defined labels.

 ) 
Here is how much of TeX's memory you used:
 1551 strings out of 495285
 21376 string characters out of 3180387
 80765 words of memory out of 3000000
 4758 multiletter control sequences out of 15000+200000
 9464 words of font info for 33 fonts, out of 3000000 for 9000
 14 hyphenation exceptions out of 8191
 25i,13n,28p,910b,306s stack positions out of 5000i,500n,10000p,200000b,50000s
<C:/Program Files/MiKTeX 2.8/fonts/type1/public/amsfonts/cm/cmbx10.pfb><C:/Pr
ogram Files/MiKTeX 2.8/fonts/type1/public/amsfonts/cm/cmbx12.pfb><C:/Program Fi
les/MiKTeX 2.8/fonts/type1/public/amsfonts/cm/cmmi10.pfb><C:/Program Files/MiKT
eX 2.8/fonts/type1/public/amsfonts/cm/cmmi8.pfb><C:/Program Files/MiKTeX 2.8/fo
nts/type1/public/amsfonts/cm/cmr10.pfb><C:/Program Files/MiKTeX 2.8/fonts/type1
/public/amsfonts/cm/cmr12.pfb><C:/Program Files/MiKTeX 2.8/fonts/type1/public/a
msfonts/cm/cmr8.pfb><C:/Program Files/MiKTeX 2.8/fonts/type1/public/amsfonts/cm
/cmsy10.pfb><C:/Program Files/MiKTeX 2.8/fonts/type1/public/amsfonts/cm/cmti10.
pfb>
Output written on report.pdf (6 pages, 861132 bytes).
PDF statistics:
 80 PDF objects out of 1000 (max. 8388607)
 0 named destinations out of 1000 (max. 500000)
 86 words of extra memory for PDF output out of 10000 (max. 10000000)

