This is pdfTeX, Version 3.1415926-1.40.10 (MiKTeX 2.8) (preloaded format=pdflatex 2012.11.14)  15 NOV 2012 00:17
entering extended mode
**report*-*Copy.tex
("C:\Users\Diwakar\Documents\Acads\Courses\4\cs498\report\report - Copy.tex"
LaTeX2e <2009/09/24>
Babel <v3.8l> and hyphenation patterns for english, dumylang, nohyphenation, ge
rman, ngerman, german-x-2009-06-19, ngerman-x-2009-06-19, french, loaded.
("C:\Program Files\MiKTeX 2.8\tex\latex\base\report.cls"
Document Class: report 2007/10/19 v1.4h Standard LaTeX document class
("C:\Program Files\MiKTeX 2.8\tex\latex\base\size11.clo"
File: size11.clo 2007/10/19 v1.4h Standard LaTeX file (size option)
)
\c@part=\count79
\c@chapter=\count80
\c@section=\count81
\c@subsection=\count82
\c@subsubsection=\count83
\c@paragraph=\count84
\c@subparagraph=\count85
\c@figure=\count86
\c@table=\count87
\abovecaptionskip=\skip41
\belowcaptionskip=\skip42
\bibindent=\dimen102
)
("C:\Program Files\MiKTeX 2.8\tex\latex\geometry\geometry.sty"
Package: geometry 2010/03/13 v5.3 Page Geometry

("C:\Program Files\MiKTeX 2.8\tex\latex\graphics\keyval.sty"
Package: keyval 1999/03/16 v1.13 key=value parser (DPC)
\KV@toks@=\toks14
)
("C:\Program Files\MiKTeX 2.8\tex\generic\oberdiek\ifpdf.sty"
Package: ifpdf 2010/01/28 v2.1 Provides the ifpdf switch (HO)
Package ifpdf Info: pdfTeX in pdf mode detected.
)
("C:\Program Files\MiKTeX 2.8\tex\generic\oberdiek\ifvtex.sty"
Package: ifvtex 2010/03/01 v1.5 Switches for detecting VTeX and its modes (HO)
Package ifvtex Info: VTeX not detected.
)
\Gm@cnth=\count88
\Gm@cntv=\count89
\c@Gm@tempcnt=\count90
\Gm@bindingoffset=\dimen103
\Gm@wd@mp=\dimen104
\Gm@odd@mp=\dimen105
\Gm@even@mp=\dimen106
\Gm@layoutwidth=\dimen107
\Gm@layoutheight=\dimen108
\Gm@layouthoffset=\dimen109
\Gm@layoutvoffset=\dimen110
\Gm@dimlist=\toks15

("C:\Program Files\MiKTeX 2.8\tex\latex\geometry\geometry.cfg"))
("C:\Program Files\MiKTeX 2.8\tex\latex\graphics\graphicx.sty"
Package: graphicx 1999/02/16 v1.0f Enhanced LaTeX Graphics (DPC,SPQR)

("C:\Program Files\MiKTeX 2.8\tex\latex\graphics\graphics.sty"
Package: graphics 2009/02/05 v1.0o Standard LaTeX Graphics (DPC,SPQR)

("C:\Program Files\MiKTeX 2.8\tex\latex\graphics\trig.sty"
Package: trig 1999/03/16 v1.09 sin cos tan (DPC)
)
("C:\Program Files\MiKTeX 2.8\tex\latex\00miktex\graphics.cfg"
File: graphics.cfg 2007/01/18 v1.5 graphics configuration of teTeX/TeXLive
)
Package graphics Info: Driver file: pdftex.def on input line 91.

("C:\Program Files\MiKTeX 2.8\tex\latex\pdftex-def\pdftex.def"
File: pdftex.def 2010/02/14 v0.04n Graphics/color for pdfTeX
\Gread@gobject=\count91
))
\Gin@req@height=\dimen111
\Gin@req@width=\dimen112
)
("C:\Program Files\MiKTeX 2.8\tex\latex\float\float.sty"
Package: float 2001/11/08 v1.3d Float enhancements (AL)
\c@float@type=\count92
\float@exts=\toks16
\float@box=\box26
\@float@everytoks=\toks17
\@floatcapt=\box27
)
No file report*-*Copy.aux.
LaTeX Font Info:    Checking defaults for OML/cmm/m/it on input line 11.
LaTeX Font Info:    ... okay on input line 11.
LaTeX Font Info:    Checking defaults for T1/cmr/m/n on input line 11.
LaTeX Font Info:    ... okay on input line 11.
LaTeX Font Info:    Checking defaults for OT1/cmr/m/n on input line 11.
LaTeX Font Info:    ... okay on input line 11.
LaTeX Font Info:    Checking defaults for OMS/cmsy/m/n on input line 11.
LaTeX Font Info:    ... okay on input line 11.
LaTeX Font Info:    Checking defaults for OMX/cmex/m/n on input line 11.
LaTeX Font Info:    ... okay on input line 11.
LaTeX Font Info:    Checking defaults for U/cmr/m/n on input line 11.
LaTeX Font Info:    ... okay on input line 11.
*geometry* driver: auto-detecting
*geometry* detected driver: pdftex
*geometry* verbose mode - [ preamble ] result:
* driver: pdftex
* paper: 614.295pt, 794.96999pt (class default)
* layout: 614.295pt, 794.96999pt
* switch(es): 
* h-part:(L,W,R)=(72.26999pt, 469.75499pt, 72.27002pt)
* v-part:(T,H,B)=(36.135pt, 686.56499pt, 72.27pt)
* \paperwidth=614.295pt
* \paperheight=794.96999pt
* \textwidth=469.75499pt
* \textheight=686.56499pt
* \oddsidemargin=0.0pt
* \evensidemargin=0.0pt
* \topmargin=-73.135pt
* \headheight=12.0pt
* \headsep=25.0pt
* \footskip=30.0pt
* \marginparwidth=59.0pt
* \marginparsep=10.0pt
* \columnsep=10.0pt
* \skip\footins=10.0pt plus 4.0pt minus 2.0pt
* \hoffset=0.0pt
* \voffset=0.0pt
* \mag=1000
* \@twocolumnfalse
* \@twosidefalse
* \@mparswitchfalse
* \@reversemarginfalse
* (1in=72.27pt, 1cm=28.453pt)

("C:\Program Files\MiKTeX 2.8\tex\context\base\supp-pdf.tex"
[Loading MPS to PDF converter (version 2006.09.02).]
\scratchcounter=\count93
\scratchdimen=\dimen113
\scratchbox=\box28
\nofMPsegments=\count94
\nofMParguments=\count95
\everyMPshowfont=\toks18
\MPscratchCnt=\count96
\MPscratchDim=\dimen114
\MPnumerator=\count97
\everyMPtoPDFconversion=\toks19
)
LaTeX Font Info:    External font `cmex10' loaded for size
(Font)              <12> on input line 21.
LaTeX Font Info:    External font `cmex10' loaded for size
(Font)              <8> on input line 21.
LaTeX Font Info:    External font `cmex10' loaded for size
(Font)              <6> on input line 21.
 [1

{C:/Users/Diwakar/AppData/Local/MiKTeX/2.8/pdftex/config/pdftex.map}]

LaTeX Warning: Citation `naigles' on page 1 undefined on input line 24.


LaTeX Warning: Citation `kerr-cohen-08_wubble-world-lang-acquisition' on page 1
 undefined on input line 25.


LaTeX Warning: Citation `pami-Ben-ArieWPR02' on page 1 undefined on input line 
27.


LaTeX Warning: Citation `fhanimation' on page 1 undefined on input line 27.


Underfull \hbox (badness 10000) in paragraph at lines 27--28

 []

LaTeX Font Info:    External font `cmex10' loaded for size
(Font)              <10.95> on input line 31.
<sample65dance.png, id=8, 361.35pt x 240.9pt>
File: sample65dance.png Graphic file (type png)
 <use sample65dance.png>
<sample174chase.png, id=9, 642.4pt x 481.8pt>
File: sample174chase.png Graphic file (type png)
 <use sample174chase.png>
<sample198coax.png, id=10, 361.35pt x 240.9pt>
File: sample198coax.png Graphic file (type png)
 <use sample198coax.png>

LaTeX Warning: Citation `TapiaIL04' on page 1 undefined on input line 44.


LaTeX Warning: Citation `VailVL07' on page 1 undefined on input line 44.


LaTeX Warning: Citation `heider' on page 1 undefined on input line 45.


LaTeX Warning: Citation `satish-mukerjee-2008icdl' on page 1 undefined on input
 line 45.

[1 <C:/Users/Diwakar/Documents/Acads/Courses/4/cs498/report/sample65dance.png (
PNG copy)> <C:/Users/Diwakar/Documents/Acads/Courses/4/cs498/report/sample174ch
ase.png (PNG copy)> <C:/Users/Diwakar/Documents/Acads/Courses/4/cs498/report/sa
mple198coax.png (PNG copy)>]
Underfull \hbox (badness 10000) in paragraph at lines 46--47

 []


LaTeX Warning: Citation `Rabiner89atutorial' on page 2 undefined on input line 
48.


Underfull \hbox (badness 10000) in paragraph at lines 49--54

 []


Underfull \hbox (badness 10000) in paragraph at lines 55--57

 []


Underfull \hbox (badness 10000) in paragraph at lines 58--60

 []


Underfull \hbox (badness 10000) in paragraph at lines 60--63

 []

<dendoCoax.png, id=15, 578.6418pt x 434.1018pt>
File: dendoCoax.png Graphic file (type png)
 <use dendoCoax.png>

LaTeX Warning: `!h' float specifier changed to `!ht'.


Underfull \hbox (badness 10000) in paragraph at lines 76--78

 []

[2] <0002l.png, id=23, 413.3844pt x 275.5896pt>
File: 0002l.png Graphic file (type png)
 <use 0002l.png>
<0002s.png, id=25, 412.9026pt x 275.1078pt>
File: 0002s.png Graphic file (type png)
 <use 0002s.png>
<rectCoax.png, id=26, 397.0032pt x 265.9536pt>
File: rectCoax.png Graphic file (type png)
 <use rectCoax.png>
Underfull \hbox (badness 10000) in paragraph at lines 93--104

 []

[3 <C:/Users/Diwakar/Documents/Acads/Courses/4/cs498/report/dendoCoax.png (PNG 
copy)> <C:/Users/Diwakar/Documents/Acads/Courses/4/cs498/report/0002l.png> <C:/
Users/Diwakar/Documents/Acads/Courses/4/cs498/report/0002s.png> <C:/Users/Diwak
ar/Documents/Acads/Courses/4/cs498/report/rectCoax.png>]
Underfull \hbox (badness 1478) in paragraph at lines 111--114
\OT1/cmr/m/n/10.95 we cal-cu-late the di-rec-tion of mo-tion of the
 []


Underfull \hbox (badness 10000) in paragraph at lines 111--114

 []

<orientation.png, id=33, 381.5856pt x 287.1528pt>
File: orientation.png Graphic file (type png)
 <use orientation.png>
<visibility.png, id=34, 481.8pt x 361.35pt>
File: visibility.png Graphic file (type png)
 <use visibility.png>
Underfull \hbox (badness 10000) in paragraph at lines 122--128

 []


LaTeX Warning: Citation `fhanimation' on page 4 undefined on input line 131.

<chase348.png, id=35, 642.4pt x 481.8pt>
File: chase348.png Graphic file (type png)
 <use chase348.png>
<drift271.png, id=36, 361.35pt x 240.9pt>
File: drift271.png Graphic file (type png)
 <use drift271.png>
<coax88.png, id=37, 361.35pt x 240.9pt>
File: coax88.png Graphic file (type png)
 <use coax88.png>
Underfull \hbox (badness 10000) in paragraph at lines 131--141

 []

[4 <C:/Users/Diwakar/Documents/Acads/Courses/4/cs498/report/orientation.png> <C
:/Users/Diwakar/Documents/Acads/Courses/4/cs498/report/visibility.png>]
Underfull \hbox (badness 10000) in paragraph at lines 145--146

 []

<coax210.png, id=43, 361.35pt x 240.9pt>
File: coax210.png Graphic file (type png)
 <use coax210.png>
<coax220.png, id=44, 361.35pt x 240.9pt>
File: coax220.png Graphic file (type png)
 <use coax220.png>
<coax240.png, id=45, 361.35pt x 240.9pt>
File: coax240.png Graphic file (type png)
 <use coax240.png>
Underfull \hbox (badness 10000) in paragraph at lines 158--160

 []

<dendo_distance_chase.png, id=46, 578.6418pt x 434.1018pt>
File: dendo_distance_chase.png Graphic file (type png)

<use dendo_distance_chase.png>
<dendo_distance_coax.png, id=47, 578.6418pt x 434.1018pt>
File: dendo_distance_coax.png Graphic file (type png)

<use dendo_distance_coax.png> [5 <C:/Users/Diwakar/Documents/Acads/Courses/4/cs
498/report/chase348.png (PNG copy)> <C:/Users/Diwakar/Documents/Acads/Courses/4
/cs498/report/drift271.png (PNG copy)> <C:/Users/Diwakar/Documents/Acads/Course
s/4/cs498/report/coax88.png (PNG copy)> <C:/Users/Diwakar/Documents/Acads/Cours
es/4/cs498/report/coax210.png (PNG copy)> <C:/Users/Diwakar/Documents/Acads/Cou
rses/4/cs498/report/coax220.png (PNG copy)> <C:/Users/Diwakar/Documents/Acads/C
ourses/4/cs498/report/coax240.png (PNG copy)>]
<dendoChase.png, id=51, 578.6418pt x 434.1018pt>
File: dendoChase.png Graphic file (type png)
 <use dendoChase.png>
File: dendoCoax.png Graphic file (type png)

<use dendoCoax.png>
No file report*-*Copy.bbl.
[6 <C:/Users/Diwakar/Documents/Acads/Courses/4/cs498/report/dendo_distance_chas
e.png (PNG copy)> <C:/Users/Diwakar/Documents/Acads/Courses/4/cs498/report/dend
o_distance_coax.png (PNG copy)> <C:/Users/Diwakar/Documents/Acads/Courses/4/cs4
98/report/dendoChase.png (PNG copy)>]
("C:\Users\Diwakar\Documents\Acads\Courses\4\cs498\report\report - Copy.aux")

LaTeX Warning: There were undefined references.


LaTeX Warning: Label(s) may have changed. Rerun to get cross-references right.

 ) 
Here is how much of TeX's memory you used:
 1549 strings out of 495285
 21153 string characters out of 3180387
 79033 words of memory out of 3000000
 4763 multiletter control sequences out of 15000+200000
 9118 words of font info for 32 fonts, out of 3000000 for 9000
 14 hyphenation exceptions out of 8191
 25i,13n,28p,926b,314s stack positions out of 5000i,500n,10000p,200000b,50000s
<C:/Program Files/MiKTeX 2.8/fonts/type1/public/amsfonts/cm/cmbx10.pfb><C:/Pr
ogram Files/MiKTeX 2.8/fonts/type1/public/amsfonts/cm/cmbx12.pfb><C:/Program Fi
les/MiKTeX 2.8/fonts/type1/public/amsfonts/cm/cmmi10.pfb><C:/Program Files/MiKT
eX 2.8/fonts/type1/public/amsfonts/cm/cmmi8.pfb><C:/Program Files/MiKTeX 2.8/fo
nts/type1/public/amsfonts/cm/cmr10.pfb><C:/Program Files/MiKTeX 2.8/fonts/type1
/public/amsfonts/cm/cmr12.pfb><C:/Program Files/MiKTeX 2.8/fonts/type1/public/a
msfonts/cm/cmr8.pfb><C:/Program Files/MiKTeX 2.8/fonts/type1/public/amsfonts/cm
/cmsy10.pfb>
Output written on "report - Copy.pdf" (7 pages, 853361 bytes).
PDF statistics:
 82 PDF objects out of 1000 (max. 8388607)
 0 named destinations out of 1000 (max. 500000)
 91 words of extra memory for PDF output out of 10000 (max. 10000000)

